

Tue May 11 22:36:17 IST 2021: PeptideShaker version 2.0.25.
Memory given to the Java virtual machine: 1556938752.
Total amount of memory in the Java virtual machine: 129761280.
Free memory: 101937952.
Java version: 1.8.0_251.
1714 script command tokens
(C) 2009 Jmol Development
Jmol Version: 12.0.43  2011-05-03 14:21
java.vendor: Oracle Corporation
java.version: 1.8.0_251
os.name: Windows 10
memory: 28.8/129.9
processors available: 8
useCommandThread: false


Tue May 11 22:38:18 IST 2021: PeptideShaker version 2.0.25.
Memory given to the Java virtual machine: 1037959168.
Total amount of memory in the Java virtual machine: 129761280.
Free memory: 101945200.
Java version: 1.8.0_251.
1714 script command tokens
(C) 2009 Jmol Development
Jmol Version: 12.0.43  2011-05-03 14:21
java.vendor: Oracle Corporation
java.version: 1.8.0_251
os.name: Windows 10
memory: 27.9/129.9
processors available: 8
useCommandThread: false
